<?xml version="1.0" encoding="UTF-8"?>
<!-- Generated by org.testng.reporters.JUnitReportReporter -->
<testsuite hostname="DESKTOP-HERP98R" failures="0" tests="1" name="commonMethods.Testcases" time="235.713" errors="0" timestamp="2025-03-02T21:49:55 IST" skipped="0">
  <testcase classname="commonMethods.Testcases" name="TC_Rate_Request_SC73" time="235.713"/>
  <system-out/>
</testsuite> <!-- commonMethods.Testcases -->
